<?xml version="1.0" encoding="UTF-8"?>
<testsuite xmlns:xsi="http://www.w3.org/2001/XMLSchema-instance" xsi:noNamespaceSchemaLocation="https://maven.apache.org/surefire/maven-surefire-plugin/xsd/surefire-test-report-3.0.xsd" version="3.0" name="com.sc2002.arena.CombatArenaTest" time="0.093" tests="15" errors="0" skipped="0" failures="0">
  <properties>
[...]
</properties>
  <testcase name="specialSkill_wizard_appliesSmokeBombToSelf" classname="com.sc2002.arena.CombatArenaTest" time="0.026"/>
  <testcase name="warrior_takeDamage_reducesHpByDamageMinusDefense" classname="com.sc2002.arena.CombatArenaTest" time="0.001"/>
  <testcase name="battleEngine_detectsPlayerDefeat_whenAllPlayersDefeated" classname="com.sc2002.arena.CombatArenaTest" time="0.011"/>
  <testcase name="specialSkill_warrior_stunnsTarget" classname="com.sc2002.arena.CombatArenaTest" time="0.001"/>
  <testcase name="smokeBombEffect_deterministicMissWithSeededRandom" classname="com.sc2002.arena.CombatArenaTest" time="0.001"/>
  <testcase name="battleEngine_detectsPlayerVictory_whenAllEnemiesDefeated" classname="com.sc2002.arena.CombatArenaTest" time="0.001"/>
  <testcase name="basicAttack_dealsDamageToTarget" classname="com.sc2002.arena.CombatArenaTest" time="0.001"/>
  <testcase name="defend_increasesDefenseBonus" classname="com.sc2002.arena.CombatArenaTest" time="0.002"/>
  <testcase name="smokeBombEffect_expiresAfterDuration" classname="com.sc2002.arena.CombatArenaTest" time="0.001"/>
  <testcase name="stunEffect_preventsAction_untilExpired" classname="com.sc2002.arena.CombatArenaTest" time="0.002"/>
  <testcase name="wolf_howl_increasesAttackAndReverts" classname="com.sc2002.arena.CombatArenaTest" time="0.001"/>
  <testcase name="combatant_takeDamage_cannotGoBelowZero" classname="com.sc2002.arena.CombatArenaTest" time="0.001"/>
  <testcase name="goblin_backupSpawn_triggersOnceBelow25Percent" classname="com.sc2002.arena.CombatArenaTest" time="0.001"/>
  <testcase name="speedBasedTurnOrder_highestSpeedActsFirst" classname="com.sc2002.arena.CombatArenaTest" time="0.004"/>
  <testcase name="combatant_heal_cappedAtMaxHp" classname="com.sc2002.arena.CombatArenaTest" time="0.001"/>
</testsuite>